  Student.cpp
D:\Новая папка\Языки Программирования\Курсач\Курсач\Menu.h(57,1): warning C4267: =: преобразование из "size_t" в "int"; возможна потеря данных
D:\Новая папка\Языки Программирования\Курсач\Курсач\Menu.h(60,1): warning C4267: =: преобразование из "size_t" в "int"; возможна потеря данных
D:\Новая папка\Языки Программирования\Курсач\Курсач\AddClass.h(23,1): warning C4267: инициализация: преобразование из "size_t" в "int"; возможна потеря данных
D:\Новая папка\Языки Программирования\Курсач\Курсач\Student.h(186,19): warning C4101: year: неиспользованная локальная переменная
D:\Новая папка\Языки Программирования\Курсач\Курсач\Student.h(186,12): warning C4101: month: неиспользованная локальная переменная
D:\Новая папка\Языки Программирования\Курсач\Курсач\Student.h(186,7): warning C4101: day: неиспользованная локальная переменная
D:\Новая папка\Языки Программирования\Курсач\Курсач\Student.h(502,1): warning C4267: инициализация: преобразование из "size_t" в "int"; возможна потеря данных
D:\Новая папка\Языки Программирования\Курсач\Курсач\Student.h(526,1): warning C4267: инициализация: преобразование из "size_t" в "int"; возможна потеря данных
  Курсач.cpp
D:\Новая папка\Языки Программирования\Курсач\Курсач\Menu.h(57,1): warning C4267: =: преобразование из "size_t" в "int"; возможна потеря данных
D:\Новая папка\Языки Программирования\Курсач\Курсач\Menu.h(60,1): warning C4267: =: преобразование из "size_t" в "int"; возможна потеря данных
D:\Новая папка\Языки Программирования\Курсач\Курсач\AddClass.h(23,1): warning C4267: инициализация: преобразование из "size_t" в "int"; возможна потеря данных
D:\Новая папка\Языки Программирования\Курсач\Курсач\Student.h(186,19): warning C4101: year: неиспользованная локальная переменная
D:\Новая папка\Языки Программирования\Курсач\Курсач\Student.h(186,12): warning C4101: month: неиспользованная локальная переменная
D:\Новая папка\Языки Программирования\Курсач\Курсач\Student.h(186,7): warning C4101: day: неиспользованная локальная переменная
D:\Новая папка\Языки Программирования\Курсач\Курсач\Student.h(502,1): warning C4267: инициализация: преобразование из "size_t" в "int"; возможна потеря данных
D:\Новая папка\Языки Программирования\Курсач\Курсач\Student.h(526,1): warning C4267: инициализация: преобразование из "size_t" в "int"; возможна потеря данных
D:\Новая папка\Языки Программирования\Курсач\Курсач\Курсач.cpp(164,1): warning C4267: return: преобразование из "size_t" в "int"; возможна потеря данных
D:\Новая папка\Языки Программирования\Курсач\Курсач\Курсач.cpp(170,53): warning C4244: =: преобразование "int" в "float", возможна потеря данных
D:\Новая папка\Языки Программирования\Курсач\Курсач\Курсач.cpp(250,30): warning C4930: List<StudentNode>::iterator pos(void): функция с прототипом не вызвана (предполагалось определение переменной?)
  Создание кода...
D:\Новая папка\Языки Программирования\Курсач\Курсач\Student.h(115): warning C4715: Student::setSex: значение возвращается не при всех путях выполнения
  Курсач.vcxproj -> D:\Новая папка\Языки Программирования\Курсач\Курсач\x64\Debug\Курсач.exe
